
>>> STEP 0 : PARASOLID SUB TRANSLATOR STARTS.
>>>          Parasolid Kernel Version = 20.0.169 

>>> STEP 1 : GET A PART/ASSEMBLY IN PARASOLID.
>>>          Parasolid   FILE = e:/Analyses/FSI/app/output/temp_RVE__E_4000/digimat_sh_13/aba_scripts/Job_sh_13_Analysis_sh_13_Phase2.xmt_txt 
>>>          NUT         FILE = temp-Job_sh_13_Analysis_sh_13_Phase2-new.enf_abq 
>>>          NO. OF BODIES    = 1
>>>          DONE !

>>> STEP 2 : CONVERT TOPOLOGY FROM PARASOLID.
>>>          DONE !

>>> STEP 3 : CONVERT GEOMETRY FROM PARASOLID.
>>>          CURVE CONVERSION 
>>>          SURFACE CONVERSION 
>>>          POINT CONVERSION 
>>>          DONE !

>>> STEP 5 : WRITE ELYSIUM NEUTRAL FILE.
>>>          MAX TOLERANCE 
>>>              EDGE   = 5.000e-006 mm
>>>              VERTEX = 1.000e-006 mm
>>>          DONE !

>>> STEP 6 : INFORMATION ABOUT RESULT.
>>>          NO. OF SOLIDS  = 1 
>>>          NO. OF SHEETS  = 0 
>>>          NO. OF FACES   = 3    (ERROR  0)
>>>          DONE !

>>> STEP Z : STATUS CODE = 0 


